abr. 21, 2025 6:54:43 PM liquibase.changelog
INFO: Reading resource: db/changelog/migrations/db.changelog-20250421163000.sql
abr. 21, 2025 6:54:43 PM liquibase.changelog
INFO: Reading resource: db/changelog/migrations/db.changelog-20250421163500.sql
abr. 21, 2025 6:54:43 PM liquibase.changelog
INFO: Reading resource: db/changelog/migrations/db.changelog-202504211636000.sql
abr. 21, 2025 6:54:43 PM liquibase.changelog
INFO: Reading resource: db/changelog/migrations/db.changelog-20250421163650sql
abr. 21, 2025 6:54:43 PM liquibase.changelog
INFO: Reading resource: db/changelog/migrations/db.changelog-202504211634500sql
abr. 21, 2025 6:54:44 PM liquibase.changelog
INFO: Reading from board.databasechangelog
abr. 21, 2025 6:54:44 PM liquibase.lockservice
INFO: Successfully acquired change log lock
abr. 21, 2025 6:54:44 PM liquibase.command
INFO: Using deploymentId: 5272484286
abr. 21, 2025 6:54:44 PM liquibase.changelog
INFO: Reading from board.databasechangelog
Running Changeset: db/changelog/migrations/db.changelog-202504211634500sql::202408191938::junior
abr. 21, 2025 6:54:44 PM liquibase.changelog
INFO: Custom SQL executed
abr. 21, 2025 6:54:44 PM liquibase.changelog
INFO: ChangeSet db/changelog/migrations/db.changelog-202504211634500sql::202408191938::junior ran successfully in 175ms

UPDATE SUMMARY
Run:                          1
Previously run:               4
Filtered out:                 0
-------------------------------
Total change sets:            5

abr. 21, 2025 6:54:44 PM liquibase.util
INFO: UPDATE SUMMARY
abr. 21, 2025 6:54:44 PM liquibase.util
INFO: Run:                          1
abr. 21, 2025 6:54:44 PM liquibase.util
INFO: Previously run:               4
abr. 21, 2025 6:54:44 PM liquibase.util
INFO: Filtered out:                 0
abr. 21, 2025 6:54:44 PM liquibase.util
INFO: -------------------------------
abr. 21, 2025 6:54:44 PM liquibase.util
INFO: Total change sets:            5
abr. 21, 2025 6:54:44 PM liquibase.util
INFO: Update summary generated
abr. 21, 2025 6:54:44 PM liquibase.command
INFO: Update command completed successfully.
Liquibase: Update has been successful. Rows affected: 1
abr. 21, 2025 6:54:44 PM liquibase.lockservice
INFO: Successfully released change log lock
abr. 21, 2025 6:54:44 PM liquibase.command
INFO: Command execution complete
